Determining if the pthread_create exist failed with the following output:
Change Dir: /home/yue/CLionProjects/yueWebServer/cmake-build-debug/CMakeFiles/CMakeTmp

Run Build Command:"/usr/bin/make" "cmTC_3543b/fast"
make[1]: Entering directory '/home/yue/CLionProjects/yueWebServer/cmake-build-debug/CMakeFiles/CMakeTmp'
/usr/bin/make -f CMakeFiles/cmTC_3543b.dir/build.make CMakeFiles/cmTC_3543b.dir/build
make[2]: Entering directory '/home/yue/CLionProjects/yueWebServer/cmake-build-debug/CMakeFiles/CMakeTmp'
Building C object CMakeFiles/cmTC_3543b.dir/CheckSymbolExists.c.o
/usr/bin/cc    -o CMakeFiles/cmTC_3543b.dir/CheckSymbolExists.c.o   -c /home/yue/CLionProjects/yueWebServer/cmake-build-debug/CMakeFiles/CMakeTmp/CheckSymbolExists.c
Linking C executable cmTC_3543b
/home/yue/.local/share/JetBrains/Toolbox/apps/CLion/ch-0/173.4301.33/bin/cmake/bin/cmake -E cmake_link_script CMakeFiles/cmTC_3543b.dir/link.txt --verbose=1
/usr/bin/cc      CMakeFiles/cmTC_3543b.dir/CheckSymbolExists.c.o  -o cmTC_3543b 
CMakeFiles/cmTC_3543b.dir/CheckSymbolExists.c.o：在函数‘main’中：
CheckSymbolExists.c:(.text+0x1b)：对‘pthread_create’未定义的引用
collect2: error: ld returned 1 exit status
CMakeFiles/cmTC_3543b.dir/build.make:97: recipe for target 'cmTC_3543b' failed
make[2]: *** [cmTC_3543b] Error 1
make[2]: Leaving directory '/home/yue/CLionProjects/yueWebServer/cmake-build-debug/CMakeFiles/CMakeTmp'
Makefile:126: recipe for target 'cmTC_3543b/fast' failed
make[1]: *** [cmTC_3543b/fast] Error 2
make[1]: Leaving directory '/home/yue/CLionProjects/yueWebServer/cmake-build-debug/CMakeFiles/CMakeTmp'

File /home/yue/CLionProjects/yueWebServer/cmake-build-debug/CMakeFiles/CMakeTmp/CheckSymbolExists.c:
/* */
#include <pthread.h>

int main(int argc, char** argv)
{
  (void)argv;
#ifndef pthread_create
  return ((int*)(&pthread_create))[argc];
#else
  (void)argc;
  return 0;
#endif
}

Determining if the function pthread_create exists in the pthreads failed with the following output:
Change Dir: /home/yue/CLionProjects/yueWebServer/cmake-build-debug/CMakeFiles/CMakeTmp

Run Build Command:"/usr/bin/make" "cmTC_ed0f2/fast"
make[1]: Entering directory '/home/yue/CLionProjects/yueWebServer/cmake-build-debug/CMakeFiles/CMakeTmp'
/usr/bin/make -f CMakeFiles/cmTC_ed0f2.dir/build.make CMakeFiles/cmTC_ed0f2.dir/build
make[2]: Entering directory '/home/yue/CLionProjects/yueWebServer/cmake-build-debug/CMakeFiles/CMakeTmp'
Building C object CMakeFiles/cmTC_ed0f2.dir/CheckFunctionExists.c.o
/usr/bin/cc   -DCHECK_FUNCTION_EXISTS=pthread_create   -o CMakeFiles/cmTC_ed0f2.dir/CheckFunctionExists.c.o   -c /home/yue/.local/share/JetBrains/Toolbox/apps/CLion/ch-0/173.4301.33/bin/cmake/share/cmake-3.9/Modules/CheckFunctionExists.c
Linking C executable cmTC_ed0f2
/home/yue/.local/share/JetBrains/Toolbox/apps/CLion/ch-0/173.4301.33/bin/cmake/bin/cmake -E cmake_link_script CMakeFiles/cmTC_ed0f2.dir/link.txt --verbose=1
/usr/bin/cc  -DCHECK_FUNCTION_EXISTS=pthread_create    CMakeFiles/cmTC_ed0f2.dir/CheckFunctionExists.c.o  -o cmTC_ed0f2 -lpthreads 
/usr/bin/ld: 找不到 -lpthreads
collect2: error: ld returned 1 exit status
CMakeFiles/cmTC_ed0f2.dir/build.make:97: recipe for target 'cmTC_ed0f2' failed
make[2]: *** [cmTC_ed0f2] Error 1
make[2]: Leaving directory '/home/yue/CLionProjects/yueWebServer/cmake-build-debug/CMakeFiles/CMakeTmp'
Makefile:126: recipe for target 'cmTC_ed0f2/fast' failed
make[1]: *** [cmTC_ed0f2/fast] Error 2
make[1]: Leaving directory '/home/yue/CLionProjects/yueWebServer/cmake-build-debug/CMakeFiles/CMakeTmp'


